# JRE version: OpenJDK Runtime Environment (8.0_152-b06) (build 1.8.0_152-release-1136-b06)
# Java VM: OpenJDK 64-Bit Server VM (25.152-b06 mixed mode linux-amd64 compressed oops)
Heap:
 PSYoungGen      total 115712K, used 17400K [0x00000000e0000000, 0x00000000e8b80000, 0x0000000100000000)
  eden space 98304K, 0% used [0x00000000e0000000,0x00000000e0000000,0x00000000e6000000)
  from space 17408K, 99% used [0x00000000e6000000,0x00000000e70fe328,0x00000000e7100000)
  to   space 5120K, 0% used [0x00000000e7100000,0x00000000e7100000,0x00000000e7600000)
 ParOldGen       total 85504K, used 20666K [0x00000000a0000000, 0x00000000a5380000, 0x00000000e0000000)
  object space 85504K, 24% used [0x00000000a0000000,0x00000000a142eba8,0x00000000a5380000)
 Metaspace       used 40858K, capacity 41528K, committed 41896K, reserved 1085440K
  class space    used 4997K, capacity 5179K, committed 5288K, reserved 1048576K
GC Heap History (10 events):
Event: 8,326 GC heap after
Heap after GC invocations=5 (full 1):
 PSYoungGen      total 68608K, used 5102K [0x00000000e0000000, 0x00000000e4800000, 0x0000000100000000)
  eden space 63488K, 0% used [0x00000000e0000000,0x00000000e0000000,0x00000000e3e00000)
  from space 5120K, 99% used [0x00000000e4300000,0x00000000e47fbac0,0x00000000e4800000)
  to   space 5120K, 0% used [0x00000000e3e00000,0x00000000e3e00000,0x00000000e4300000)
 ParOldGen       total 84992K, used 9848K [0x00000000a0000000, 0x00000000a5300000, 0x00000000e0000000)
  object space 84992K, 11% used [0x00000000a0000000,0x00000000a099e290,0x00000000a5300000)
 Metaspace       used 20718K, capacity 21040K, committed 21296K, reserved 1069056K
  class space    used 2490K, capacity 2578K, committed 2688K, reserved 1048576K
}
Event: 8,326 GC heap before
{Heap before GC invocations=6 (full 2):
 PSYoungGen      total 68608K, used 5102K [0x00000000e0000000, 0x00000000e4800000, 0x0000000100000000)
  eden space 63488K, 0% used [0x00000000e0000000,0x00000000e0000000,0x00000000e3e00000)
  from space 5120K, 99% used [0x00000000e4300000,0x00000000e47fbac0,0x00000000e4800000)
  to   space 5120K, 0% used [0x00000000e3e00000,0x00000000e3e00000,0x00000000e4300000)
 ParOldGen       total 84992K, used 9848K [0x00000000a0000000, 0x00000000a5300000, 0x00000000e0000000)
  object space 84992K, 11% used [0x00000000a0000000,0x00000000a099e290,0x00000000a5300000)
 Metaspace       used 20718K, capacity 21040K, committed 21296K, reserved 1069056K
  class space    used 2490K, capacity 2578K, committed 2688K, reserved 1048576K
Event: 8,460 GC heap after
Heap after GC invocations=6 (full 2):
 PSYoungGen      total 68608K, used 0K [0x00000000e0000000, 0x00000000e4800000, 0x0000000100000000)
  eden space 63488K, 0% used [0x00000000e0000000,0x00000000e0000000,0x00000000e3e00000)
  from space 5120K, 0% used [0x00000000e4300000,0x00000000e4300000,0x00000000e4800000)
  to   space 5120K, 0% used [0x00000000e3e00000,0x00000000e3e00000,0x00000000e4300000)
 ParOldGen       total 51712K, used 6879K [0x00000000a0000000, 0x00000000a3280000, 0x00000000e0000000)
  object space 51712K, 13% used [0x00000000a0000000,0x00000000a06b7f38,0x00000000a3280000)
 Metaspace       used 20718K, capacity 21040K, committed 21296K, reserved 1069056K
  class space    used 2490K, capacity 2578K, committed 2688K, reserved 1048576K
}
Event: 13,623 GC heap before
{Heap before GC invocations=7 (full 2):
 PSYoungGen      total 68608K, used 63488K [0x00000000e0000000, 0x00000000e4800000, 0x0000000100000000)
  eden space 63488K, 100% used [0x00000000e0000000,0x00000000e3e00000,0x00000000e3e00000)
  from space 5120K, 0% used [0x00000000e4300000,0x00000000e4300000,0x00000000e4800000)
  to   space 5120K, 0% used [0x00000000e3e00000,0x00000000e3e00000,0x00000000e4300000)
 ParOldGen       total 51712K, used 6879K [0x00000000a0000000, 0x00000000a3280000, 0x00000000e0000000)
  object space 51712K, 13% used [0x00000000a0000000,0x00000000a06b7f38,0x00000000a3280000)
 Metaspace       used 29942K, capacity 30419K, committed 30848K, reserved 1077248K
  class space    used 3769K, capacity 3928K, committed 3968K, reserved 1048576K
Event: 13,681 GC heap after
Heap after GC invocations=7 (full 2):
 PSYoungGen      total 68608K, used 5117K [0x00000000e0000000, 0x00000000e7600000, 0x0000000100000000)
  eden space 63488K, 0% used [0x00000000e0000000,0x00000000e0000000,0x00000000e3e00000)
  from space 5120K, 99% used [0x00000000e3e00000,0x00000000e42ff728,0x00000000e4300000)
  to   space 5120K, 0% used [0x00000000e7100000,0x00000000e7100000,0x00000000e7600000)
 ParOldGen       total 51712K, used 17082K [0x00000000a0000000, 0x00000000a3280000, 0x00000000e0000000)
  object space 51712K, 33% used [0x00000000a0000000,0x00000000a10ae858,0x00000000a3280000)
 Metaspace       used 29942K, capacity 30419K, committed 30848K, reserved 1077248K
  class space    used 3769K, capacity 3928K, committed 3968K, reserved 1048576K
}
Event: 17,817 GC heap before
{Heap before GC invocations=8 (full 2):
 PSYoungGen      total 68608K, used 33380K [0x00000000e0000000, 0x00000000e7600000, 0x0000000100000000)
  eden space 63488K, 44% used [0x00000000e0000000,0x00000000e1b99c00,0x00000000e3e00000)
  from space 5120K, 99% used [0x00000000e3e00000,0x00000000e42ff728,0x00000000e4300000)
  to   space 5120K, 0% used [0x00000000e7100000,0x00000000e7100000,0x00000000e7600000)
 ParOldGen       total 51712K, used 17082K [0x00000000a0000000, 0x00000000a3280000, 0x00000000e0000000)
  object space 51712K, 33% used [0x00000000a0000000,0x00000000a10ae858,0x00000000a3280000)
 Metaspace       used 34690K, capacity 35211K, committed 35496K, reserved 1081344K
  class space    used 4341K, capacity 4512K, committed 4520K, reserved 1048576K
Event: 17,887 GC heap after
Heap after GC invocations=8 (full 2):
 PSYoungGen      total 103424K, used 5118K [0x00000000e0000000, 0x00000000e8b80000, 0x0000000100000000)
  eden space 98304K, 0% used [0x00000000e0000000,0x00000000e0000000,0x00000000e6000000)
  from space 5120K, 99% used [0x00000000e7100000,0x00000000e75ffb08,0x00000000e7600000)
  to   space 17408K, 0% used [0x00000000e6000000,0x00000000e6000000,0x00000000e7100000)
 ParOldGen       total 51712K, used 24139K [0x00000000a0000000, 0x00000000a3280000, 0x00000000e0000000)
  object space 51712K, 46% used [0x00000000a0000000,0x00000000a1792c18,0x00000000a3280000)
 Metaspace       used 34690K, capacity 35211K, committed 35496K, reserved 1081344K
  class space    used 4341K, capacity 4512K, committed 4520K, reserved 1048576K
}
Event: 17,887 GC heap before
{Heap before GC invocations=9 (full 3):
 PSYoungGen      total 103424K, used 5118K [0x00000000e0000000, 0x00000000e8b80000, 0x0000000100000000)
  eden space 98304K, 0% used [0x00000000e0000000,0x00000000e0000000,0x00000000e6000000)
  from space 5120K, 99% used [0x00000000e7100000,0x00000000e75ffb08,0x00000000e7600000)
  to   space 17408K, 0% used [0x00000000e6000000,0x00000000e6000000,0x00000000e7100000)
 ParOldGen       total 51712K, used 24139K [0x00000000a0000000, 0x00000000a3280000, 0x00000000e0000000)
  object space 51712K, 46% used [0x00000000a0000000,0x00000000a1792c18,0x00000000a3280000)
 Metaspace       used 34690K, capacity 35211K, committed 35496K, reserved 1081344K
  class space    used 4341K, capacity 4512K, committed 4520K, reserved 1048576K
Event: 18,318 GC heap after
Heap after GC invocations=9 (full 3):
 PSYoungGen      total 103424K, used 0K [0x00000000e0000000, 0x00000000e8b80000, 0x0000000100000000)
  eden space 98304K, 0% used [0x00000000e0000000,0x00000000e0000000,0x00000000e6000000)
  from space 5120K, 0% used [0x00000000e7100000,0x00000000e7100000,0x00000000e7600000)
  to   space 17408K, 0% used [0x00000000e6000000,0x00000000e6000000,0x00000000e7100000)
 ParOldGen       total 85504K, used 19206K [0x00000000a0000000, 0x00000000a5380000, 0x00000000e0000000)
  object space 85504K, 22% used [0x00000000a0000000,0x00000000a12c1800,0x00000000a5380000)
 Metaspace       used 34690K, capacity 35211K, committed 35496K, reserved 1081344K
  class space    used 4341K, capacity 4512K, committed 4520K, reserved 1048576K
}
Event: 31,637 GC heap before
{Heap before GC invocations=10 (full 3):
 PSYoungGen      total 103424K, used 98304K [0x00000000e0000000, 0x00000000e8b80000, 0x0000000100000000)
  eden space 98304K, 100% used [0x00000000e0000000,0x00000000e6000000,0x00000000e6000000)
  from space 5120K, 0% used [0x00000000e7100000,0x00000000e7100000,0x00000000e7600000)
  to   space 17408K, 0% used [0x00000000e6000000,0x00000000e6000000,0x00000000e7100000)
 ParOldGen       total 85504K, used 19206K [0x00000000a0000000, 0x00000000a5380000, 0x00000000e0000000)
  object space 85504K, 22% used [0x00000000a0000000,0x00000000a12c1800,0x00000000a5380000)
 Metaspace       used 40858K, capacity 41528K, committed 41896K, reserved 1085440K
  class space    used 4997K, capacity 5179K, committed 5288K, reserved 1048576K

